<?xml version="1.0" encoding="UTF-8"?>
<robot generator="Robot 4.0 (Python 3.9.2 on win32)" generated="20210403 20:45:36.403" rpa="false" schemaversion="2">
<suite id="s1" name="TestSitePratice" source="C:\robot\SuiteSiteTestePratice\tests\TestSitePratice.robot">
<test id="s1-t1" name="Cenário de Teste 1: Produto Existente">
<kw name="Abrir Navegador" library="TestSitePraticeSteps" type="SETUP">
<kw name="Open Browser" library="SeleniumLibrary">
<arg>${URL}</arg>
<arg>${BROSER}</arg>
<doc>Opens a new browser instance to the optional ``url``.</doc>
<msg timestamp="20210403 20:45:37.312" level="INFO">Opening browser 'chrome' to base url 'http://automationpractice.com/index.php'.</msg>
<status status="PASS" starttime="20210403 20:45:37.312" endtime="20210403 20:45:47.251"/>
</kw>
<status status="PASS" starttime="20210403 20:45:37.312" endtime="20210403 20:45:47.251"/>
</kw>
<kw name="Acessar a página home do site" library="TestSitePraticeSteps">
<kw name="Title Should Be" library="SeleniumLibrary">
<arg>My Store</arg>
<doc>Verifies that the current page title equals ``title``.</doc>
<msg timestamp="20210403 20:45:47.275" level="INFO">Page title is 'My Store'.</msg>
<status status="PASS" starttime="20210403 20:45:47.259" endtime="20210403 20:45:47.275"/>
</kw>
<status status="PASS" starttime="20210403 20:45:47.259" endtime="20210403 20:45:47.275"/>
</kw>
<kw name="Digitar nome do produto &quot;Blouse&quot; no campo de pesquisa" library="TestSitePraticeSteps" sourcename="Digitar nome do produto &quot;${PRODUTO}&quot; no campo de pesquisa">
<kw name="Input Text" library="SeleniumLibrary">
<arg>${IdCampoBusca}</arg>
<arg>${PRODUTO}</arg>
<doc>Types the given ``text`` into the text field identified by ``locator``.</doc>
<msg timestamp="20210403 20:45:47.283" level="INFO">Typing text 'Blouse' into text field 'id=search_query_top'.</msg>
<status status="PASS" starttime="20210403 20:45:47.283" endtime="20210403 20:45:48.323"/>
</kw>
<status status="PASS" starttime="20210403 20:45:47.283" endtime="20210403 20:45:48.323"/>
</kw>
<kw name="Clicar no botao de pesquisa" library="TestSitePraticeSteps">
<kw name="Click Element" library="SeleniumLibrary">
<arg>${NameBtnBusca}</arg>
<doc>Click the element identified by ``locator``.</doc>
<msg timestamp="20210403 20:45:48.347" level="INFO">Clicking element 'name=submit_search'.</msg>
<status status="PASS" starttime="20210403 20:45:48.347" endtime="20210403 20:45:50.541"/>
</kw>
<status status="PASS" starttime="20210403 20:45:48.347" endtime="20210403 20:45:50.541"/>
</kw>
<kw name="Conferir se o produto &quot;Blouse&quot; foi listado no site" library="TestSitePraticeSteps" sourcename="Conferir se o produto &quot;${PRODUTO}&quot; foi listado no site">
<kw name="Wait Until Element Is Visible" library="SeleniumLibrary">
<arg>css=#center_column &gt; h1</arg>
<doc>Waits until the element ``locator`` is visible.</doc>
<status status="PASS" starttime="20210403 20:45:50.541" endtime="20210403 20:45:50.637"/>
</kw>
<kw name="Page Should Contain Image" library="SeleniumLibrary">
<arg>${ImgConfirmBlouse}</arg>
<doc>Verifies image identified by ``locator`` is found from current page.</doc>
<msg timestamp="20210403 20:45:50.707" level="INFO">Current page contains image 'xpath=//*[@id="center_column"]//*[@src='http://automationpractice.com/img/p/7/7-home_default.jpg']'.</msg>
<status status="PASS" starttime="20210403 20:45:50.637" endtime="20210403 20:45:50.707"/>
</kw>
<status status="PASS" starttime="20210403 20:45:50.541" endtime="20210403 20:45:50.707"/>
</kw>
<kw name="Fechar Navegador" library="TestSitePraticeSteps" type="TEARDOWN">
<kw name="Close Browser" library="SeleniumLibrary">
<doc>Closes the current browser.</doc>
<status status="PASS" starttime="20210403 20:45:50.707" endtime="20210403 20:45:53.728"/>
</kw>
<status status="PASS" starttime="20210403 20:45:50.707" endtime="20210403 20:45:53.728"/>
</kw>
<status status="PASS" starttime="20210403 20:45:37.312" endtime="20210403 20:45:53.728"/>
</test>
<test id="s1-t2" name="Cenário de Teste 2: Produto Não Existente">
<kw name="Abrir Navegador" library="TestSitePraticeSteps" type="SETUP">
<kw name="Open Browser" library="SeleniumLibrary">
<arg>${URL}</arg>
<arg>${BROSER}</arg>
<doc>Opens a new browser instance to the optional ``url``.</doc>
<msg timestamp="20210403 20:45:53.743" level="INFO">Opening browser 'chrome' to base url 'http://automationpractice.com/index.php'.</msg>
<status status="PASS" starttime="20210403 20:45:53.743" endtime="20210403 20:46:02.748"/>
</kw>
<status status="PASS" starttime="20210403 20:45:53.735" endtime="20210403 20:46:02.748"/>
</kw>
<kw name="Acessar a página home do site" library="TestSitePraticeSteps">
<kw name="Title Should Be" library="SeleniumLibrary">
<arg>My Store</arg>
<doc>Verifies that the current page title equals ``title``.</doc>
<msg timestamp="20210403 20:46:02.788" level="INFO">Page title is 'My Store'.</msg>
<status status="PASS" starttime="20210403 20:46:02.748" endtime="20210403 20:46:02.788"/>
</kw>
<status status="PASS" starttime="20210403 20:46:02.748" endtime="20210403 20:46:02.788"/>
</kw>
<kw name="Digitar nome do produto &quot;ItemNãoExistente&quot; no campo de pesquisa" library="TestSitePraticeSteps" sourcename="Digitar nome do produto &quot;${PRODUTO}&quot; no campo de pesquisa">
<kw name="Input Text" library="SeleniumLibrary">
<arg>${IdCampoBusca}</arg>
<arg>${PRODUTO}</arg>
<doc>Types the given ``text`` into the text field identified by ``locator``.</doc>
<msg timestamp="20210403 20:46:02.796" level="INFO">Typing text 'ItemNãoExistente' into text field 'id=search_query_top'.</msg>
<status status="PASS" starttime="20210403 20:46:02.796" endtime="20210403 20:46:03.442"/>
</kw>
<status status="PASS" starttime="20210403 20:46:02.796" endtime="20210403 20:46:03.442"/>
</kw>
<kw name="Clicar no botao de pesquisa" library="TestSitePraticeSteps">
<kw name="Click Element" library="SeleniumLibrary">
<arg>${NameBtnBusca}</arg>
<doc>Click the element identified by ``locator``.</doc>
<msg timestamp="20210403 20:46:03.450" level="INFO">Clicking element 'name=submit_search'.</msg>
<status status="PASS" starttime="20210403 20:46:03.450" endtime="20210403 20:46:04.977"/>
</kw>
<status status="PASS" starttime="20210403 20:46:03.450" endtime="20210403 20:46:04.977"/>
</kw>
<kw name="Conferir mensagem de erro &quot;No results were found for your search &quot;ItemNãoExistente&quot;&quot;" library="TestSitePraticeSteps" sourcename="Conferir mensagem de erro &quot;${MENSAGEM_ALERTA}&quot;">
<kw name="Wait Until Element Is Visible" library="SeleniumLibrary">
<arg>${MsgErro_Alerta}</arg>
<doc>Waits until the element ``locator`` is visible.</doc>
<status status="PASS" starttime="20210403 20:46:04.985" endtime="20210403 20:46:05.057"/>
</kw>
<kw name="Page Should Contain Element" library="SeleniumLibrary">
<arg>${MsgErro_Alerta}</arg>
<doc>Verifies that element ``locator`` is found on the current page.</doc>
<msg timestamp="20210403 20:46:05.073" level="INFO">Current page contains element 'xpath=//*[@id="center_column"]/p'.</msg>
<status status="PASS" starttime="20210403 20:46:05.057" endtime="20210403 20:46:05.073"/>
</kw>
<status status="PASS" starttime="20210403 20:46:04.985" endtime="20210403 20:46:05.073"/>
</kw>
<kw name="Fechar Navegador" library="TestSitePraticeSteps" type="TEARDOWN">
<kw name="Close Browser" library="SeleniumLibrary">
<doc>Closes the current browser.</doc>
<status status="PASS" starttime="20210403 20:46:05.073" endtime="20210403 20:46:07.775"/>
</kw>
<status status="PASS" starttime="20210403 20:46:05.073" endtime="20210403 20:46:07.775"/>
</kw>
<status status="PASS" starttime="20210403 20:45:53.735" endtime="20210403 20:46:07.775"/>
</test>
<status status="PASS" starttime="20210403 20:45:36.403" endtime="20210403 20:46:07.783"/>
</suite>
<statistics>
<total>
<stat pass="2" fail="0" skip="0">All Tests</stat>
</total>
<tag>
</tag>
<suite>
<stat pass="2" fail="0" skip="0" id="s1" name="TestSitePratice">TestSitePratice</stat>
</suite>
</statistics>
<errors>
</errors>
</robot>
