<?xml version="1.0" encoding="UTF-8"?>
<robot generator="Robot 4.0 (Python 3.9.2 on win32)" generated="20210403 20:48:59.744" rpa="false" schemaversion="2">
<suite id="s1" name="TestSitePratice" source="C:\robot\SuiteSiteTestePratice\tests\TestSitePratice.robot">
<test id="s1-t1" name="Cenário de Teste 1: Produto Existente">
<kw name="Abrir Navegador" library="TestSitePraticeSteps" type="SETUP">
<kw name="Open Browser" library="SeleniumLibrary">
<arg>${URL}</arg>
<arg>${BROSER}</arg>
<doc>Opens a new browser instance to the optional ``url``.</doc>
<msg timestamp="20210403 20:49:00.528" level="INFO">Opening browser 'chrome' to base url 'http://automationpractice.com/index.php'.</msg>
<status status="PASS" starttime="20210403 20:49:00.528" endtime="20210403 20:49:09.522"/>
</kw>
<status status="PASS" starttime="20210403 20:49:00.528" endtime="20210403 20:49:09.522"/>
</kw>
<kw name="Acessar a página home do site" library="TestSitePraticeSteps">
<kw name="Title Should Be" library="SeleniumLibrary">
<arg>My Store</arg>
<doc>Verifies that the current page title equals ``title``.</doc>
<msg timestamp="20210403 20:49:09.562" level="INFO">Page title is 'My Store'.</msg>
<status status="PASS" starttime="20210403 20:49:09.538" endtime="20210403 20:49:09.562"/>
</kw>
<kw name="Capture Page Screenshot" library="SeleniumLibrary">
<doc>Takes a screenshot of the current page and embeds it into a log file.</doc>
<msg timestamp="20210403 20:49:10.658" level="INFO" html="true">&lt;/td&gt;&lt;/tr&gt;&lt;tr&gt;&lt;td colspan="3"&gt;&lt;a href="selenium-screenshot-1.png"&gt;&lt;img src="selenium-screenshot-1.png" width="800px"&gt;&lt;/a&gt;</msg>
<status status="PASS" starttime="20210403 20:49:09.562" endtime="20210403 20:49:10.658"/>
</kw>
<status status="PASS" starttime="20210403 20:49:09.538" endtime="20210403 20:49:10.658"/>
</kw>
<kw name="Digitar nome do produto &quot;Blouse&quot; no campo de pesquisa" library="TestSitePraticeSteps" sourcename="Digitar nome do produto &quot;${PRODUTO}&quot; no campo de pesquisa">
<kw name="Input Text" library="SeleniumLibrary">
<arg>${IdCampoBusca}</arg>
<arg>${PRODUTO}</arg>
<doc>Types the given ``text`` into the text field identified by ``locator``.</doc>
<msg timestamp="20210403 20:49:10.666" level="INFO">Typing text 'Blouse' into text field 'id=search_query_top'.</msg>
<status status="PASS" starttime="20210403 20:49:10.666" endtime="20210403 20:49:11.162"/>
</kw>
<status status="PASS" starttime="20210403 20:49:10.666" endtime="20210403 20:49:11.162"/>
</kw>
<kw name="Clicar no botao de pesquisa" library="TestSitePraticeSteps">
<kw name="Click Element" library="SeleniumLibrary">
<arg>${NameBtnBusca}</arg>
<doc>Click the element identified by ``locator``.</doc>
<msg timestamp="20210403 20:49:11.170" level="INFO">Clicking element 'name=submit_search'.</msg>
<status status="PASS" starttime="20210403 20:49:11.170" endtime="20210403 20:49:13.285"/>
</kw>
<status status="PASS" starttime="20210403 20:49:11.170" endtime="20210403 20:49:13.285"/>
</kw>
<kw name="Conferir se o produto &quot;Blouse&quot; foi listado no site" library="TestSitePraticeSteps" sourcename="Conferir se o produto &quot;${PRODUTO}&quot; foi listado no site">
<kw name="Wait Until Element Is Visible" library="SeleniumLibrary">
<arg>css=#center_column &gt; h1</arg>
<doc>Waits until the element ``locator`` is visible.</doc>
<status status="PASS" starttime="20210403 20:49:13.293" endtime="20210403 20:49:13.389"/>
</kw>
<kw name="Page Should Contain Image" library="SeleniumLibrary">
<arg>${ImgConfirmBlouse}</arg>
<doc>Verifies image identified by ``locator`` is found from current page.</doc>
<msg timestamp="20210403 20:49:13.452" level="INFO">Current page contains image 'xpath=//*[@id="center_column"]//*[@src='http://automationpractice.com/img/p/7/7-home_default.jpg']'.</msg>
<status status="PASS" starttime="20210403 20:49:13.389" endtime="20210403 20:49:13.452"/>
</kw>
<kw name="Capture Page Screenshot" library="SeleniumLibrary">
<doc>Takes a screenshot of the current page and embeds it into a log file.</doc>
<msg timestamp="20210403 20:49:13.829" level="INFO" html="true">&lt;/td&gt;&lt;/tr&gt;&lt;tr&gt;&lt;td colspan="3"&gt;&lt;a href="selenium-screenshot-2.png"&gt;&lt;img src="selenium-screenshot-2.png" width="800px"&gt;&lt;/a&gt;</msg>
<status status="PASS" starttime="20210403 20:49:13.452" endtime="20210403 20:49:13.829"/>
</kw>
<status status="PASS" starttime="20210403 20:49:13.293" endtime="20210403 20:49:13.829"/>
</kw>
<kw name="Fechar Navegador" library="TestSitePraticeSteps" type="TEARDOWN">
<kw name="Close Browser" library="SeleniumLibrary">
<doc>Closes the current browser.</doc>
<status status="PASS" starttime="20210403 20:49:13.839" endtime="20210403 20:49:16.850"/>
</kw>
<status status="PASS" starttime="20210403 20:49:13.839" endtime="20210403 20:49:16.850"/>
</kw>
<status status="PASS" starttime="20210403 20:49:00.520" endtime="20210403 20:49:16.850"/>
</test>
<test id="s1-t2" name="Cenário de Teste 2: Produto Não Existente">
<kw name="Abrir Navegador" library="TestSitePraticeSteps" type="SETUP">
<kw name="Open Browser" library="SeleniumLibrary">
<arg>${URL}</arg>
<arg>${BROSER}</arg>
<doc>Opens a new browser instance to the optional ``url``.</doc>
<msg timestamp="20210403 20:49:16.864" level="INFO">Opening browser 'chrome' to base url 'http://automationpractice.com/index.php'.</msg>
<status status="PASS" starttime="20210403 20:49:16.856" endtime="20210403 20:49:25.629"/>
</kw>
<status status="PASS" starttime="20210403 20:49:16.856" endtime="20210403 20:49:25.629"/>
</kw>
<kw name="Acessar a página home do site" library="TestSitePraticeSteps">
<kw name="Title Should Be" library="SeleniumLibrary">
<arg>My Store</arg>
<doc>Verifies that the current page title equals ``title``.</doc>
<msg timestamp="20210403 20:49:25.733" level="INFO">Page title is 'My Store'.</msg>
<status status="PASS" starttime="20210403 20:49:25.629" endtime="20210403 20:49:25.733"/>
</kw>
<kw name="Capture Page Screenshot" library="SeleniumLibrary">
<doc>Takes a screenshot of the current page and embeds it into a log file.</doc>
<msg timestamp="20210403 20:49:26.445" level="INFO" html="true">&lt;/td&gt;&lt;/tr&gt;&lt;tr&gt;&lt;td colspan="3"&gt;&lt;a href="selenium-screenshot-3.png"&gt;&lt;img src="selenium-screenshot-3.png" width="800px"&gt;&lt;/a&gt;</msg>
<status status="PASS" starttime="20210403 20:49:25.733" endtime="20210403 20:49:26.445"/>
</kw>
<status status="PASS" starttime="20210403 20:49:25.629" endtime="20210403 20:49:26.445"/>
</kw>
<kw name="Digitar nome do produto &quot;ItemNãoExistente&quot; no campo de pesquisa" library="TestSitePraticeSteps" sourcename="Digitar nome do produto &quot;${PRODUTO}&quot; no campo de pesquisa">
<kw name="Input Text" library="SeleniumLibrary">
<arg>${IdCampoBusca}</arg>
<arg>${PRODUTO}</arg>
<doc>Types the given ``text`` into the text field identified by ``locator``.</doc>
<msg timestamp="20210403 20:49:26.445" level="INFO">Typing text 'ItemNãoExistente' into text field 'id=search_query_top'.</msg>
<status status="PASS" starttime="20210403 20:49:26.445" endtime="20210403 20:49:26.973"/>
</kw>
<status status="PASS" starttime="20210403 20:49:26.445" endtime="20210403 20:49:26.973"/>
</kw>
<kw name="Clicar no botao de pesquisa" library="TestSitePraticeSteps">
<kw name="Click Element" library="SeleniumLibrary">
<arg>${NameBtnBusca}</arg>
<doc>Click the element identified by ``locator``.</doc>
<msg timestamp="20210403 20:49:26.981" level="INFO">Clicking element 'name=submit_search'.</msg>
<status status="PASS" starttime="20210403 20:49:26.981" endtime="20210403 20:49:28.743"/>
</kw>
<status status="PASS" starttime="20210403 20:49:26.973" endtime="20210403 20:49:28.743"/>
</kw>
<kw name="Conferir mensagem de erro &quot;No results were found for your search &quot;ItemNãoExistente&quot;&quot;" library="TestSitePraticeSteps" sourcename="Conferir mensagem de erro &quot;${MENSAGEM_ALERTA}&quot;">
<kw name="Wait Until Element Is Visible" library="SeleniumLibrary">
<arg>${MsgErro_Alerta}</arg>
<doc>Waits until the element ``locator`` is visible.</doc>
<status status="PASS" starttime="20210403 20:49:28.743" endtime="20210403 20:49:28.832"/>
</kw>
<kw name="Page Should Contain Element" library="SeleniumLibrary">
<arg>${MsgErro_Alerta}</arg>
<doc>Verifies that element ``locator`` is found on the current page.</doc>
<msg timestamp="20210403 20:49:28.848" level="INFO">Current page contains element 'xpath=//*[@id="center_column"]/p'.</msg>
<status status="PASS" starttime="20210403 20:49:28.832" endtime="20210403 20:49:28.848"/>
</kw>
<kw name="Capture Page Screenshot" library="SeleniumLibrary">
<doc>Takes a screenshot of the current page and embeds it into a log file.</doc>
<msg timestamp="20210403 20:49:29.198" level="INFO" html="true">&lt;/td&gt;&lt;/tr&gt;&lt;tr&gt;&lt;td colspan="3"&gt;&lt;a href="selenium-screenshot-4.png"&gt;&lt;img src="selenium-screenshot-4.png" width="800px"&gt;&lt;/a&gt;</msg>
<status status="PASS" starttime="20210403 20:49:28.848" endtime="20210403 20:49:29.198"/>
</kw>
<status status="PASS" starttime="20210403 20:49:28.743" endtime="20210403 20:49:29.198"/>
</kw>
<kw name="Fechar Navegador" library="TestSitePraticeSteps" type="TEARDOWN">
<kw name="Close Browser" library="SeleniumLibrary">
<doc>Closes the current browser.</doc>
<status status="PASS" starttime="20210403 20:49:29.198" endtime="20210403 20:49:33.342"/>
</kw>
<status status="PASS" starttime="20210403 20:49:29.198" endtime="20210403 20:49:33.342"/>
</kw>
<status status="PASS" starttime="20210403 20:49:16.856" endtime="20210403 20:49:33.342"/>
</test>
<status status="PASS" starttime="20210403 20:48:59.760" endtime="20210403 20:49:33.349"/>
</suite>
<statistics>
<total>
<stat pass="2" fail="0" skip="0">All Tests</stat>
</total>
<tag>
</tag>
<suite>
<stat pass="2" fail="0" skip="0" id="s1" name="TestSitePratice">TestSitePratice</stat>
</suite>
</statistics>
<errors>
</errors>
</robot>
